1556111186045	mozrunner::runner	INFO	Running command: "/Applications/Firefox.app/Contents/MacOS/firefox-bin" "-marionette" "-foreground" "-no-remote" "-profile" "/var/folders/js/8vkf59wn4hq8sg4jy8sxh7vm0000gn/T/rust_mozprofile.7l9x40SfSORH"
1556111186583	addons.webextension.screenshots@mozilla.org	WARN	Loading extension 'screenshots@mozilla.org': Reading manifest: Invalid extension permission: mozillaAddons
1556111186583	addons.webextension.screenshots@mozilla.org	WARN	Loading extension 'screenshots@mozilla.org': Reading manifest: Invalid extension permission: resource://pdf.js/
1556111186583	addons.webextension.screenshots@mozilla.org	WARN	Loading extension 'screenshots@mozilla.org': Reading manifest: Invalid extension permission: about:reader*
1556111188212	Marionette	INFO	Listening on port 49269
1556111188293	Marionette	WARN	TLS certificate errors will be ignored for this session
console.error: BroadcastService: 
  receivedBroadcastMessage: handler for
  remote-settings/monitor_changes
  threw error:
  Message: Error: Polling for changes failed: NetworkError when attempting to fetch resource..
  Stack:
    remoteSettingsFunction/remoteSettings.pollChanges@resource://services-settings/remote-settings.js:190:13

JavaScript error: resource://gre/modules/WebNavigationFrames.jsm, line 43: TypeError: window is null
JavaScript error: resource://devtools/server/actors/inspector/walker.js, line 330: TypeError: this._refMap is null
[Child 10588, MediaPlayback #3] WARNING: Decoder=18cf95600 Decode error: NS_ERROR_DOM_MEDIA_FATAL_ERR (0x806e0005) - RefPtr<MediaSourceTrackDemuxer::SamplesPromise> mozilla::MediaSourceTrackDemuxer::DoGetSamples(int32_t): manager is detached.: file /builds/worker/workspace/build/src/dom/media/MediaDecoderStateMachine.cpp, line 3331
[Child 10588, MediaPlayback #2] WARNING: Decoder=192543400 Decode error: NS_ERROR_DOM_MEDIA_FATAL_ERR (0x806e0005) - RefPtr<MediaSourceTrackDemuxer::SamplesPromise> mozilla::MediaSourceTrackDemuxer::DoGetSamples(int32_t): manager is detached.: file /builds/worker/workspace/build/src/dom/media/MediaDecoderStateMachine.cpp, line 3331
[Child 10588, MediaPlayback #1] WARNING: Decoder=1210bf000 Decode error: NS_ERROR_DOM_MEDIA_FATAL_ERR (0x806e0005) - RefPtr<MediaSourceTrackDemuxer::SamplesPromise> mozilla::MediaSourceTrackDemuxer::DoGetSamples(int32_t): manager is detached.: file /builds/worker/workspace/build/src/dom/media/MediaDecoderStateMachine.cpp, line 3331
[Child 10588, MediaPlayback #3] WARNING: Decoder=1210bf000 Decode error: NS_ERROR_DOM_MEDIA_FATAL_ERR (0x806e0005) - RefPtr<MediaSourceTrackDemuxer::SamplesPromise> mozilla::MediaSourceTrackDemuxer::DoGetSamples(int32_t): manager is detached.: file /builds/worker/workspace/build/src/dom/media/MediaDecoderStateMachine.cpp, line 3331
console.error: "Error while calling actor 'pagestyle's method 'getLayout'" "can't access dead object"
console.error: "getLayout@resource://devtools/server/actors/styles.js:821:11\nhandler@resource://devtools/shared/protocol.js:1206:21\nonPacket@resource://devtools/server/main.js:1286:15\nreceiveMessage@resource://devtools/shared/transport/child-transport.js:66:5\n"
console.error: "Protocol error (unknownError): can't access dead object"
[Child 10588, MediaPlayback #3] WARNING: Decoder=184dc2000 Decode error: NS_ERROR_DOM_MEDIA_FATAL_ERR (0x806e0005) - RefPtr<MediaSourceTrackDemuxer::SamplesPromise> mozilla::MediaSourceTrackDemuxer::DoGetSamples(int32_t): manager is detached.: file /builds/worker/workspace/build/src/dom/media/MediaDecoderStateMachine.cpp, line 3331
Exiting due to channel error.
Exiting due to channel error.
[GFX1-]: Receive IPC close with reason=AbnormalShutdown
Exiting due to channel error.
1556114580243	mozrunner::runner	INFO	Running command: "/Applications/Firefox.app/Contents/MacOS/firefox-bin" "-marionette" "-foreground" "-no-remote" "-profile" "/var/folders/js/8vkf59wn4hq8sg4jy8sxh7vm0000gn/T/rust_mozprofile.8wZ5IZ3WVCxS"
1556114580795	addons.webextension.screenshots@mozilla.org	WARN	Loading extension 'screenshots@mozilla.org': Reading manifest: Invalid extension permission: mozillaAddons
1556114580795	addons.webextension.screenshots@mozilla.org	WARN	Loading extension 'screenshots@mozilla.org': Reading manifest: Invalid extension permission: resource://pdf.js/
1556114580795	addons.webextension.screenshots@mozilla.org	WARN	Loading extension 'screenshots@mozilla.org': Reading manifest: Invalid extension permission: about:reader*
1556114582303	Marionette	INFO	Listening on port 50733
1556114582397	Marionette	WARN	TLS certificate errors will be ignored for this session
JavaScript error: https://abs.twimg.com/k/en/init.en.5ac12ffbd551c3b909ac.js, line 1: Error: Loading chunk 8 failed.
[Child 14621, MediaPlayback #9] WARNING: Decoder=126295e00 Decode error: NS_ERROR_DOM_MEDIA_FATAL_ERR (0x806e0005) - RefPtr<MediaSourceTrackDemuxer::SamplesPromise> mozilla::MediaSourceTrackDemuxer::DoGetSamples(int32_t): manager is detached.: file /builds/worker/workspace/build/src/dom/media/MediaDecoderStateMachine.cpp, line 3331
JavaScript warning: http://ajax.googleapis.com/ajax/libs/jquery/1.10.2/jquery.min.js, line 2: Using //@ to indicate sourceMappingURL pragmas is deprecated. Use //# instead
console.error: BroadcastService: 
  receivedBroadcastMessage: handler for
  remote-settings/monitor_changes
  threw error:
  Message: Error: Polling for changes failed: NetworkError when attempting to fetch resource..
  Stack:
    remoteSettingsFunction/remoteSettings.pollChanges@resource://services-settings/remote-settings.js:190:13

objc[14617]: Class FIFinderSyncExtensionHost is implemented in both /System/Library/PrivateFrameworks/FinderKit.framework/Versions/A/FinderKit (0x7fff9d989210) and /System/Library/PrivateFrameworks/FileProvider.framework/OverrideBundles/FinderSyncCollaborationFileProviderOverride.bundle/Contents/MacOS/FinderSyncCollaborationFileProviderOverride (0x124559dc8). One of the two will be used. Which one is undefined.
console.error: "TypeError: currentNode is undefined: canMutationImpactCurrentStyles@resource://devtools/client/inspector/shared/style-change-tracker.js:64:11\nonMutations@resource://devtools/client/inspector/shared/style-change-tracker.js:82:11\nemit@resource://devtools/shared/event-emitter.js:186:15\nemit@resource://devtools/shared/event-emitter.js:267:5\ngetMutations/<@resource://devtools/shared/fronts/inspector.js:402:7\n"
TypeError: currentNode is undefined: canMutationImpactCurrentStyles@resource://devtools/client/inspector/shared/style-change-tracker.js:64:11
onMutations@resource://devtools/client/inspector/shared/style-change-tracker.js:82:11
emit@resource://devtools/shared/event-emitter.js:186:15
emit@resource://devtools/shared/event-emitter.js:267:5
getMutations/<@resource://devtools/shared/fronts/inspector.js:402:7

console.error: "Error while calling actor 'layout's method 'getGrids'" "node is null"
console.error: "getGrids@resource://devtools/server/actors/layout.js:455:11\ngetGrids@resource://devtools/server/actors/layout.js:460:38\nhandler@resource://devtools/shared/protocol.js:1206:21\nonPacket@resource://devtools/server/main.js:1286:15\nreceiveMessage@resource://devtools/shared/transport/child-transport.js:66:5\n"
console.error: "Error while calling actor 'pagestyle's method 'getLayout'" "can't access dead object"
console.error: "getLayout@resource://devtools/server/actors/styles.js:821:11\nhandler@resource://devtools/shared/protocol.js:1206:21\nonPacket@resource://devtools/server/main.js:1286:15\nreceiveMessage@resource://devtools/shared/transport/child-transport.js:66:5\n"
console.error: "Protocol error (unknownError): can't access dead object"
console.error: "Error while calling actor 'pagestyle's method 'getLayout'" "can't access dead object"
console.error: "getLayout@resource://devtools/server/actors/styles.js:821:11\nhandler@resource://devtools/shared/protocol.js:1206:21\nonPacket@resource://devtools/server/main.js:1286:15\nreceiveMessage@resource://devtools/shared/transport/child-transport.js:66:5\n"
console.error: "Protocol error (unknownError): can't access dead object"
console.error: "Error while calling actor 'pagestyle's method 'getLayout'" "can't access dead object"
console.error: "getLayout@resource://devtools/server/actors/styles.js:821:11\nhandler@resource://devtools/shared/protocol.js:1206:21\nonPacket@resource://devtools/server/main.js:1286:15\nreceiveMessage@resource://devtools/shared/transport/child-transport.js:66:5\n"
console.error: "Protocol error (unknownError): can't access dead object"
console.error: "Error while calling actor 'layout's method 'getGrids'" "node is null"
console.error: "getGrids@resource://devtools/server/actors/layout.js:455:11\ngetGrids@resource://devtools/server/actors/layout.js:460:38\nhandler@resource://devtools/shared/protocol.js:1206:21\nonPacket@resource://devtools/server/main.js:1286:15\nreceiveMessage@resource://devtools/shared/transport/child-transport.js:66:5\n"
[Child 14621, MediaPlayback #26] WARNING: Decoder=199b7b800 Decode error: NS_ERROR_DOM_MEDIA_FATAL_ERR (0x806e0005) - RefPtr<MediaSourceTrackDemuxer::SamplesPromise> mozilla::MediaSourceTrackDemuxer::DoGetSamples(int32_t): manager is detached.: file /builds/worker/workspace/build/src/dom/media/MediaDecoderStateMachine.cpp, line 3331
[Child 14621, MediaPlayback #26] WARNING: Decoder=199b7b800 Decode error: NS_ERROR_DOM_MEDIA_FATAL_ERR (0x806e0005) - RefPtr<MediaSourceTrackDemuxer::SamplesPromise> mozilla::MediaSourceTrackDemuxer::DoGetSamples(int32_t): manager is detached.: file /builds/worker/workspace/build/src/dom/media/MediaDecoderStateMachine.cpp, line 3331
[Child 14621, MediaPlayback #25] WARNING: Decoder=199b7b800 Decode error: NS_ERROR_DOM_MEDIA_FATAL_ERR (0x806e0005) - RefPtr<MediaSourceTrackDemuxer::SamplesPromise> mozilla::MediaSourceTrackDemuxer::DoGetSamples(int32_t): manager is detached.: file /builds/worker/workspace/build/src/dom/media/MediaDecoderStateMachine.cpp, line 3331
console.error: "Error while calling actor 'pagestyle's method 'getLayout'" "can't access dead object"
console.error: "getLayout@resource://devtools/server/actors/styles.js:821:11\nhandler@resource://devtools/shared/protocol.js:1206:21\nonPacket@resource://devtools/server/main.js:1286:15\nreceiveMessage@resource://devtools/shared/transport/child-transport.js:66:5\n"
console.error: "Protocol error (unknownError): can't access dead object"
[Child 14621, MediaPlayback #36] WARNING: Decoder=125adcc00 Decode error: NS_ERROR_DOM_MEDIA_FATAL_ERR (0x806e0005) - RefPtr<MediaSourceTrackDemuxer::SeekPromise> mozilla::MediaSourceTrackDemuxer::DoSeek(const mozilla::media::TimeUnit &): manager is detached.: file /builds/worker/workspace/build/src/dom/media/MediaDecoderStateMachine.cpp, line 3331
console.error: "Error while calling actor 'pagestyle's method 'getLayout'" "can't access dead object"
console.error: "getLayout@resource://devtools/server/actors/styles.js:821:11\nhandler@resource://devtools/shared/protocol.js:1206:21\nonPacket@resource://devtools/server/main.js:1286:15\nreceiveMessage@resource://devtools/shared/transport/child-transport.js:66:5\n"
console.error: "Protocol error (unknownError): can't access dead object"
[Child 14621, MediaPlayback #46] WARNING: Decoder=19ba63c00 Decode error: NS_ERROR_DOM_MEDIA_FATAL_ERR (0x806e0005) - RefPtr<MediaSourceTrackDemuxer::SamplesPromise> mozilla::MediaSourceTrackDemuxer::DoGetSamples(int32_t): manager is detached.: file /builds/worker/workspace/build/src/dom/media/MediaDecoderStateMachine.cpp, line 3331
[Child 14621, MediaPlayback #45] WARNING: Decoder=19ba63c00 Decode error: NS_ERROR_DOM_MEDIA_FATAL_ERR (0x806e0005) - RefPtr<MediaSourceTrackDemuxer::SamplesPromise> mozilla::MediaSourceTrackDemuxer::DoGetSamples(int32_t): manager is detached.: file /builds/worker/workspace/build/src/dom/media/MediaDecoderStateMachine.cpp, line 3331
[Child 14621, MediaPlayback #58] WARNING: Decoder=18891ea00 Decode error: NS_ERROR_DOM_MEDIA_FATAL_ERR (0x806e0005) - RefPtr<MediaSourceTrackDemuxer::SamplesPromise> mozilla::MediaSourceTrackDemuxer::DoGetSamples(int32_t): manager is detached.: file /builds/worker/workspace/build/src/dom/media/MediaDecoderStateMachine.cpp, line 3331
[Child 14621, MediaPlayback #57] WARNING: Decoder=18891ea00 Decode error: NS_ERROR_DOM_MEDIA_FATAL_ERR (0x806e0005) - RefPtr<MediaSourceTrackDemuxer::SamplesPromise> mozilla::MediaSourceTrackDemuxer::DoGetSamples(int32_t): manager is detached.: file /builds/worker/workspace/build/src/dom/media/MediaDecoderStateMachine.cpp, line 3331
[Child 14621, MediaPlayback #76] WARNING: Decoder=19ba61a00 Decode error: NS_ERROR_DOM_MEDIA_FATAL_ERR (0x806e0005) - RefPtr<MediaSourceTrackDemuxer::SamplesPromise> mozilla::MediaSourceTrackDemuxer::DoGetSamples(int32_t): manager is detached.: file /builds/worker/workspace/build/src/dom/media/MediaDecoderStateMachine.cpp, line 3331
console.error: "Error while calling actor 'pagestyle's method 'getLayout'" "can't access dead object"
console.error: "getLayout@resource://devtools/server/actors/styles.js:821:11\nhandler@resource://devtools/shared/protocol.js:1206:21\nonPacket@resource://devtools/server/main.js:1286:15\nreceiveMessage@resource://devtools/shared/transport/child-transport.js:66:5\n"
console.error: "Protocol error (unknownError): can't access dead object"
console.error: "Error while calling actor 'pagestyle's method 'getLayout'" "can't access dead object"
console.error: "getLayout@resource://devtools/server/actors/styles.js:821:11\nhandler@resource://devtools/shared/protocol.js:1206:21\nonPacket@resource://devtools/server/main.js:1286:15\nreceiveMessage@resource://devtools/shared/transport/child-transport.js:66:5\n"
console.error: "Protocol error (unknownError): can't access dead object"
console.error: "Error while calling actor 'pagestyle's method 'getLayout'" "can't access dead object"
console.error: "getLayout@resource://devtools/server/actors/styles.js:821:11\nhandler@resource://devtools/shared/protocol.js:1206:21\nonPacket@resource://devtools/server/main.js:1286:15\nreceiveMessage@resource://devtools/shared/transport/child-transport.js:66:5\n"
console.error: "Protocol error (unknownError): can't access dead object"
console.error: "Error while calling actor 'pagestyle's method 'getLayout'" "can't access dead object"
console.error: "getLayout@resource://devtools/server/actors/styles.js:821:11\nhandler@resource://devtools/shared/protocol.js:1206:21\nonPacket@resource://devtools/server/main.js:1286:15\nreceiveMessage@resource://devtools/shared/transport/child-transport.js:66:5\n"
console.error: "Protocol error (unknownError): can't access dead object"
Exiting due to channel error.
Exiting due to channel error.
Exiting due to channel error.
1556123103978	mozrunner::runner	INFO	Running command: "/Applications/Firefox.app/Contents/MacOS/firefox-bin" "-marionette" "-foreground" "-no-remote" "-profile" "/var/folders/js/8vkf59wn4hq8sg4jy8sxh7vm0000gn/T/rust_mozprofile.9My4SXUk52Ab"
1556123104511	addons.webextension.screenshots@mozilla.org	WARN	Loading extension 'screenshots@mozilla.org': Reading manifest: Invalid extension permission: mozillaAddons
1556123104511	addons.webextension.screenshots@mozilla.org	WARN	Loading extension 'screenshots@mozilla.org': Reading manifest: Invalid extension permission: resource://pdf.js/
1556123104511	addons.webextension.screenshots@mozilla.org	WARN	Loading extension 'screenshots@mozilla.org': Reading manifest: Invalid extension permission: about:reader*
1556123106178	Marionette	INFO	Listening on port 53040
1556123106239	Marionette	WARN	TLS certificate errors will be ignored for this session
console.error: BroadcastService: 
  receivedBroadcastMessage: handler for
  remote-settings/monitor_changes
  threw error:
  Message: Error: Polling for changes failed: NetworkError when attempting to fetch resource..
  Stack:
    remoteSettingsFunction/remoteSettings.pollChanges@resource://services-settings/remote-settings.js:190:13

1556123782204	Marionette	INFO	Stopped listening on port 53040
